\BOOKMARK [1][-]{section.1}{\376\377\000I\000N\000T\000R\000O\000D\000U\000C\000T\000I\000O\000N}{}% 1
\BOOKMARK [1][-]{section.2}{\376\377\000R\000E\000L\000A\000T\000E\000D\000\040\000W\000O\000R\000K}{}% 2
\BOOKMARK [1][-]{section.3}{\376\377\000M\000E\000T\000H\000O\000D\000O\000L\000O\000G\000Y}{}% 3
\BOOKMARK [2][-]{subsection.3.1}{\376\377\000R\000o\000P\000I\000N\000N\000\040\000B\000a\000c\000k\000g\000r\000o\000u\000n\000d}{section.3}% 4
\BOOKMARK [2][-]{subsection.3.2}{\376\377\000R\000o\000P\000I\000N\000N\000-\000R\000e\000s\000F\000F\000\040\000B\000a\000c\000k\000b\000o\000n\000e}{section.3}% 5
\BOOKMARK [2][-]{subsection.3.3}{\376\377\000L\000o\000s\000s\000\040\000F\000u\000n\000c\000t\000i\000o\000n\000\040\000C\000h\000o\000i\000c\000e\000s}{section.3}% 6
\BOOKMARK [1][-]{section.4}{\376\377\000E\000X\000P\000E\000R\000I\000M\000E\000N\000T\000A\000L\000\040\000R\000E\000S\000U\000L\000T\000S}{}% 7
\BOOKMARK [2][-]{subsection.4.1}{\376\377\000R\000e\000s\000e\000a\000r\000c\000h\000\040\000Q\000u\000e\000s\000t\000i\000o\000n\000s}{section.4}% 8
\BOOKMARK [2][-]{subsection.4.2}{\376\377\000E\000x\000p\000e\000r\000i\000m\000e\000n\000t\000a\000l\000\040\000P\000r\000o\000t\000o\000c\000o\000l}{section.4}% 9
\BOOKMARK [2][-]{subsection.4.3}{\376\377\000C\000o\000m\000p\000u\000t\000e\000\040\000A\000c\000c\000o\000u\000n\000t\000i\000n\000g}{section.4}% 10
\BOOKMARK [2][-]{subsection.4.4}{\376\377\000M\000a\000i\000n\000\040\000R\000e\000a\000c\000t\000i\000o\000n\000\040\000C\000o\000m\000p\000a\000r\000i\000s\000o\000n}{section.4}% 11
\BOOKMARK [2][-]{subsection.4.5}{\376\377\000Q\000u\000a\000l\000i\000t\000a\000t\000i\000v\000e\000\040\000V\000i\000s\000u\000a\000l\000\040\000C\000o\000m\000p\000a\000r\000i\000s\000o\000n}{section.4}% 12
\BOOKMARK [2][-]{subsection.4.6}{\376\377\000R\000e\000a\000c\000t\000i\000o\000n\000\040\000M\000u\000l\000t\000i\000-\000S\000e\000e\000d\000\040\000R\000o\000b\000u\000s\000t\000n\000e\000s\000s}{section.4}% 13
\BOOKMARK [2][-]{subsection.4.7}{\376\377\000B\000u\000d\000g\000e\000t\000\040\000S\000e\000n\000s\000i\000t\000i\000v\000i\000t\000y\000\040\000o\000n\000\040\000R\000e\000a\000c\000t\000i\000o\000n}{section.4}% 14
\BOOKMARK [2][-]{subsection.4.8}{\376\377\000W\000a\000v\000e\000\040\000M\000u\000l\000t\000i\000-\000S\000e\000e\000d\000\040\000G\000e\000n\000e\000r\000a\000l\000i\000z\000a\000t\000i\000o\000n}{section.4}% 15
\BOOKMARK [2][-]{subsection.4.9}{\376\377\000C\000o\000n\000v\000e\000c\000t\000i\000o\000n\000\040\000M\000u\000l\000t\000i\000-\000S\000e\000e\000d\000\040\000G\000e\000n\000e\000r\000a\000l\000i\000z\000a\000t\000i\000o\000n}{section.4}% 16
\BOOKMARK [2][-]{subsection.4.10}{\376\377\000S\000t\000a\000t\000i\000s\000t\000i\000c\000a\000l\000\040\000T\000e\000s\000t\000s\000\040\000a\000n\000d\000\040\000C\000o\000n\000f\000i\000d\000e\000n\000c\000e\000\040\000I\000n\000t\000e\000r\000v\000a\000l\000s}{section.4}% 17
\BOOKMARK [2][-]{subsection.4.11}{\376\377\000A\000b\000l\000a\000t\000i\000o\000n\000\040\000I\000n\000s\000i\000g\000h\000t}{section.4}% 18
\BOOKMARK [2][-]{subsection.4.12}{\376\377\000R\000e\000p\000r\000o\000d\000u\000c\000i\000b\000i\000l\000i\000t\000y\000\040\000A\000r\000t\000i\000f\000a\000c\000t\000s}{section.4}% 19
\BOOKMARK [2][-]{subsection.4.13}{\376\377\000V\000a\000l\000i\000d\000i\000t\000y\000\040\000S\000c\000o\000p\000e}{section.4}% 20
\BOOKMARK [1][-]{section.5}{\376\377\000D\000I\000S\000C\000U\000S\000S\000I\000O\000N}{}% 21
\BOOKMARK [2][-]{subsection.5.1}{\376\377\000W\000h\000y\000\040\000C\000o\000n\000v\000e\000c\000t\000i\000o\000n\000\040\000D\000e\000g\000r\000a\000d\000e\000s}{section.5}% 22
\BOOKMARK [2][-]{subsection.5.2}{\376\377\000P\000r\000a\000c\000t\000i\000c\000a\000l\000\040\000T\000a\000k\000e\000a\000w\000a\000y}{section.5}% 23
\BOOKMARK [2][-]{subsection.5.3}{\376\377\000L\000i\000m\000i\000t\000a\000t\000i\000o\000n\000s\000\040\000a\000n\000d\000\040\000F\000u\000t\000u\000r\000e\000\040\000W\000o\000r\000k}{section.5}% 24
\BOOKMARK [1][-]{section.6}{\376\377\000C\000O\000N\000C\000L\000U\000S\000I\000O\000N\000S}{}% 25
